<?xml version="1.0" encoding="UTF-8"?>
<!-- Generated by org.testng.reporters.JUnitReportReporter -->
<testsuite hostname="Albins-MacBook-Pro.local" name="com.albinsShop.app.AlbinsShopIT" tests="1" failures="0" timestamp="26 Oct 2016 12:49:14 GMT" time="1.019" errors="0">
  <testcase name="testGetProduct" time="1.019" classname="com.albinsShop.app.AlbinsShopIT"/>
</testsuite> <!-- com.albinsShop.app.AlbinsShopIT -->
