<?xml version="1.0" encoding="UTF-8"?>
<!-- Generated by org.testng.reporters.JUnitReportReporter -->
<testsuite hostname="Albins-MacBook-Pro.local" name="com.albinsShop.app.AppTest" tests="1" failures="0" timestamp="26 Oct 2016 12:58:42 GMT" time="0.006" errors="0">
  <testcase name="testApp" time="0.006" classname="com.albinsShop.app.AppTest"/>
</testsuite> <!-- com.albinsShop.app.AppTest -->
